*** Using Compiler 'V5.06 update 7 (build 960)', folder: 'E:\Keil5\ARM\ARMCC\Bin'
Build target 'Blance_DEMO'
compiling freertos.c...
../Core/Src/freertos.c(60): warning:  #1295-D: Deprecated declaration Chassis_Task - give arg types
  extern void Chassis_Task();
../Core/Src/freertos.c(194): error:  #165: too few arguments in function call
  		Chassis_L_Task();
../Core/Src/freertos.c: 1 warning, 1 error
compiling Total_stack.cpp...
../RM_File/RM_Can.h(49): warning:  #177-D: variable "TxMailbox"  was declared but never referenced
      uint32_t TxMailbox;
../RM_File/RM_stm32fxxx_hal.h(48): warning:  #1-D: last line of file ends without a newline
  /**************************************************************************/
../RM_File/ladrc.h(13): warning:  #1035-D: single-precision operand implicitly converted to double-precision
      y2 = k * x1 + (1.0 - k) * x2;
../RM_File/ladrc.h(71): warning:  #1035-D: single-precision operand implicitly converted to double-precision
      fhan_a1 = sqrtf(fhan_d * (fhan_d + 8.0 * fabs(fhan_y)));
../RM_File/ladrc.h(72): warning:  #1035-D: single-precision operand implicitly converted to double-precision
      fhan_a2 = fhan_a0 + Fign_Fun(fhan_y) * (fhan_a1 - fhan_d) * 0.5;
../RM_File/ladrc.h(73): warning:  #1035-D: single-precision operand implicitly converted to double-precision
      fhan_a = (fhan_a0 + fhan_y) * Fsg_Fun(fhan_y,fhan_d) + fhan_a2 * (1.0 - Fsg_Fun(fhan_y,fhan_d));
../RM_File/ladrc.h(74): warning:  #1035-D: single-precision operand implicitly converted to double-precision
      return -r * (fhan_a / fhan_d) * Fsg_Fun(fhan_a,fhan_d) - r * Fign_Fun(fhan_a) * (1.0 - Fsg_Fun(fhan_a,fhan_d));
../RM_File/ladrc.h(88): warning:  #1299-D: members and base-classes will be initialized in declaration order, not in member initialisation list order
  	 :r(r),h(h),max_x2(max_x2),Fun(Fun)
../RM_File/ladrc.h(123): warning:  #1035-D: single-precision operand implicitly converted to double-precision
          this->r2_1 = 1.0 / (2.0 * this->r);//r2_1?2r
../RM_File/ladrc.h(195): warning:  #1299-D: members and base-classes will be initialized in declaration order, not in member initialisation list order
  		:td(td),b(b),max_u(max_u),h(h),wc(wc),w0(w0),max_z2(max_z2)
../RM_File/ladrc.h(195): warning:  #1299-D: members and base-classes will be initialized in declaration order, not in member initialisation list order
  		:td(td),b(b),max_u(max_u),h(h),wc(wc),w0(w0),max_z2(max_z2)
../RM_File/ladrc.h(240): warning:  #1035-D: single-precision operand implicitly converted to double-precision
            this->bt1 = 2.0 * this->w0;//尾1
../RM_File/ladrc.h(254): warning:  #1035-D: single-precision operand implicitly converted to double-precision
            this->bt1 = 3.0 * this->w0;//尾1
../RM_File/ladrc.h(255): warning:  #1035-D: single-precision operand implicitly converted to double-precision
            this->bt2 = 3.0 * this->w0 * this->w0;//尾2
../RM_File/ladrc.h(333): warning:  #1035-D: single-precision operand implicitly converted to double-precision
            this->kd = 2.0 * this->wc;
../RM_File/RM_PID.h(218): warning:  #1299-D: members and base-classes will be initialized in declaration order, not in member initialisation list order
  	:dt(dt),k(k),max_target_e(max_target_e),max_cout(max_cout),cout_k(cout_k){}
../RM_File/RM_PID.h(218): warning:  #1299-D: members and base-classes will be initialized in declaration order, not in member initialisation list order
  	:dt(dt),k(k),max_target_e(max_target_e),max_cout(max_cout),cout_k(cout_k){}
../RM_File/RM_PID.h(294): warning:  #427-D: qualified name is not allowed in member declaration
  	double UDE::UpData(double Xnt, double u, double err);
../RM_File/RM_Wheel.h(22): warning:  #1035-D: single-precision operand implicitly converted to double-precision
        this->speed[0] = ((1.0 - ky) * vx + (1.0 - kx) * vy - vw);
../RM_File/RM_Wheel.h(22): warning:  #1035-D: single-precision operand implicitly converted to double-precision
        this->speed[0] = ((1.0 - ky) * vx + (1.0 - kx) * vy - vw);
../RM_File/RM_Wheel.h(23): warning:  #1035-D: single-precision operand implicitly converted to double-precision
        this->speed[1] = ((1.0 - ky) * vx - (1.0 - kx) * vy + vw);
../RM_File/RM_Wheel.h(23): warning:  #1035-D: single-precision operand implicitly converted to double-precision
        this->speed[1] = ((1.0 - ky) * vx - (1.0 - kx) * vy + vw);
../RM_File/RM_Wheel.h(24): warning:  #1035-D: single-precision operand implicitly converted to double-precision
        this->speed[2] = ((1.0 - ky) * vx + (1.0 - kx) * vy + vw);
../RM_File/RM_Wheel.h(24): warning:  #1035-D: single-precision operand implicitly converted to double-precision
        this->speed[2] = ((1.0 - ky) * vx + (1.0 - kx) * vy + vw);
../RM_File/RM_Wheel.h(25): warning:  #1035-D: single-precision operand implicitly converted to double-precision
        this->speed[3] = ((1.0 - ky) * vx - (1.0 - kx) * vy - vw);
../RM_File/RM_Wheel.h(25): warning:  #1035-D: single-precision operand implicitly converted to double-precision
        this->speed[3] = ((1.0 - ky) * vx - (1.0 - kx) * vy - vw);
../RM_File/RM_Wheel.h(62): warning:  #1035-D: single-precision operand implicitly converted to double-precision
        this->angle[0] = atan2(tempvx[0] , tempvy[0]) * 180 / 3.14 * 8191 / 360;         
../RM_File/RM_Wheel.h(63): warning:  #1035-D: single-precision operand implicitly converted to double-precision
        this->angle[1] = atan2(tempvx[1] , tempvy[1]) * 180 / 3.14 * 8191 / 360;
../RM_File/RM_Wheel.h(64): warning:  #1035-D: single-precision operand implicitly converted to double-precision
        this->angle[2] = atan2(tempvx[2] , tempvy[2]) * 180 / 3.14 * 8191 / 360;          
../RM_File/RM_Wheel.h(65): warning:  #1035-D: single-precision operand implicitly converted to double-precision
        this->angle[3] = atan2(tempvx[3] , tempvy[3]) * 180 / 3.14 * 8191 / 360;
../RM_File/RM_Wheel.h(38): warning:  #177-D: variable "angle"  was declared but never referenced
        float angle = 45 * 3.14 / 180; 
../RM_File/DM.h(240): warning:  #1-D: last line of file ends without a newline
  }
../RM_File/RM_CHxxxGy.h(45): warning:  #1035-D: single-precision operand implicitly converted to double-precision
  		this->gy.ASx = (float)((int16_t)((RxHeaderData[1] << 8) | RxHeaderData[0])) * 0.01;
../RM_File/RM_CHxxxGy.h(46): warning:  #1035-D: single-precision operand implicitly converted to double-precision
  		this->gy.ASy = (float)((int16_t)((RxHeaderData[3] << 8) | RxHeaderData[2])) * 0.01;
../RM_File/RM_CHxxxGy.h(47): warning:  #1035-D: single-precision operand implicitly converted to double-precision
  		this->gy.ASz = (float)((int16_t)((RxHeaderData[5] << 8) | RxHeaderData[4])) * 0.01;
../RM_File/RM_CHxxxGy.h(51): warning:  #1035-D: single-precision operand implicitly converted to double-precision
  		this->gy.x = (float)((int16_t)((RxHeaderData[1] << 8) | RxHeaderData[0])) * 0.01;
../RM_File/RM_CHxxxGy.h(52): warning:  #1035-D: single-precision operand implicitly converted to double-precision
  		this->gy.y = (float)((int16_t)((RxHeaderData[3] << 8) | RxHeaderData[2])) * 0.01;
../RM_File/RM_CHxxxGy.h(53): warning:  #1035-D: single-precision operand implicitly converted to double-precision
  		this->gy.z = (float)((int16_t)((RxHeaderData[5] << 8) | RxHeaderData[4])) * 0.01;
../RM_File/VMC.h(106): warning:  #1035-D: single-precision operand implicitly converted to double-precision
  	this->VMC_data.alpha = pi/2.0f-this->VMC_data.phi0 ;
../RM_File/VMC.h(117): warning:  #1035-D: single-precision operand implicitly converted to double-precision
  	this->VMC_data.theta = pi/2.0f-Pitch_L - this->VMC_data.phi0;//得到状态变量1
../RM_File/VMC.h(158): warning:  #1035-D: single-precision operand implicitly converted to double-precision
  	this->VMC_data.alpha = pi/2.0f-this->VMC_data.phi0 ;
../RM_File/VMC.h(169): warning:  #1035-D: single-precision operand implicitly converted to double-precision
  	this->VMC_data.theta = pi/2.0f-Pitch_R - this->VMC_data.phi0;//得到状态变量1
Total_stack.cpp(175): warning:  #1035-D: single-precision operand implicitly converted to double-precision
  	VMC_leg_L.VMC_data.phi1=pi/2.0f + L_joint_0.DM_Data.position;
Total_stack.cpp(176): warning:  #1035-D: single-precision operand implicitly converted to double-precision
  	VMC_leg_L.VMC_data.phi4=pi/2.0f + L_joint_1.DM_Data.position;
Total_stack.cpp(215): warning:  #174-D: expression has no effect
  			L_joint_0
Total_stack.cpp(216): error:  #65: expected a ";"
  			dm_is_open = false;
Total_stack.cpp(219): error:  #127: expected a statement
  		else
Total_stack.cpp(225): warning:  #12-D: parsing restarts here after previous syntax error
  		osDelay(1);
Total_stack.cpp(227): error:  #169: expected a declaration
  }
Total_stack.cpp(256): warning: At end of source:  #12-D: parsing restarts here after previous syntax error
Total_stack.cpp: 47 warnings, 3 errors
"Blance_DEMO\Blance_DEMO.axf" - 4 Error(s), 48 Warning(s).
Target not created.
Build Time Elapsed:  00:00:06
